<?xml version="1.0" encoding="UTF-8"?>
<!-- Generated by org.testng.reporters.JUnitReportReporter -->
<testsuite hostname="keystrat-PC" name="FaceBookPackage.Login" tests="1" failures="0" timestamp="9 Dec 2016 00:06:33 GMT" time="16.639" errors="0">
  <testcase name="f1" time="16.639" classname="FaceBookPackage.Login"/>
</testsuite> <!-- FaceBookPackage.Login -->
