<?xml version="1.0" encoding="UTF-8"?>
<!-- Generated by org.testng.reporters.JUnitReportReporter -->
<testsuite hostname="keystrat-PC" name="FaceBookPackage.Registration" tests="1" failures="0" timestamp="9 Dec 2016 00:06:33 GMT" time="22.221" errors="0">
  <testcase name="f2" time="22.221" classname="FaceBookPackage.Registration"/>
</testsuite> <!-- FaceBookPackage.Registration -->
