<?xml version="1.0" encoding="UTF-8"?>
<!-- Generated by org.testng.reporters.JUnitReportReporter -->
<testsuite hostname="keystrat-PC" name="FaceBookPackage.SendingMessage" tests="1" failures="0" timestamp="8 Dec 2016 22:09:12 GMT" time="22.298" errors="0">
  <testcase name="f3" time="22.298" classname="FaceBookPackage.SendingMessage"/>
</testsuite> <!-- FaceBookPackage.SendingMessage -->
