<?xml version="1.0" encoding="UTF-8"?>
<!-- Generated by org.testng.reporters.JUnitReportReporter -->
<testsuite hostname="keystrat-PC" name="FaceBookPackage.Login1" tests="1" failures="0" timestamp="8 Dec 2016 21:43:49 GMT" time="15.389" errors="0">
  <testcase name="f1" time="15.389" classname="FaceBookPackage.Login1"/>
</testsuite> <!-- FaceBookPackage.Login1 -->
