<?xml version="1.0" encoding="UTF-8"?>
<!-- Generated by org.testng.reporters.JUnitReportReporter -->
<testsuite hostname="keystrat-PC" name="FaceBookPackage.Registration1" tests="1" failures="0" timestamp="8 Dec 2016 21:43:49 GMT" time="19.035" errors="0">
  <testcase name="f2" time="19.035" classname="FaceBookPackage.Registration1"/>
</testsuite> <!-- FaceBookPackage.Registration1 -->
